<?xml version="1.0" encoding="UTF-8"?>
<robot generator="Robot 5.0.1 (Python 3.10.5 on win32)" generated="20221003 18:47:55.965" rpa="false" schemaversion="3">
<suite id="s1" name="Exercicios" source="c:\Users\quint\OneDrive\Desktop\ADS\Prime Hero\Curso Robot - PHA\tests\features\exercicios.robot">
<test id="s1-t1" name="Cenario: Imprimindo lista de FRUTAS" line="75">
<kw name="Imprimir lista de FRUTAS">
<kw name="Create List" library="BuiltIn">
<var>@{FRUTAS}</var>
<arg>Banana</arg>
<arg>Maçã</arg>
<arg>Manga</arg>
<arg>Morango</arg>
<arg>Abacaxi</arg>
<doc>Returns a list containing given items.</doc>
<msg timestamp="20221003 18:47:56.071" level="INFO">@{FRUTAS} = [ Banana | Maçã | Manga | Morango | Abacaxi ]</msg>
<status status="PASS" starttime="20221003 18:47:56.070" endtime="20221003 18:47:56.074"/>
</kw>
<for flavor="IN">
<var>${fruta}</var>
<value>@{FRUTAS}</value>
<iter>
<var name="${fruta}">Banana</var>
<kw name="Log To Console" library="BuiltIn">
<arg>${fruta}</arg>
<doc>Logs the given message to the console.</doc>
<status status="PASS" starttime="20221003 18:47:56.079" endtime="20221003 18:47:56.080"/>
</kw>
<status status="PASS" starttime="20221003 18:47:56.077" endtime="20221003 18:47:56.081"/>
</iter>
<iter>
<var name="${fruta}">Maçã</var>
<kw name="Log To Console" library="BuiltIn">
<arg>${fruta}</arg>
<doc>Logs the given message to the console.</doc>
<status status="PASS" starttime="20221003 18:47:56.081" endtime="20221003 18:47:56.082"/>
</kw>
<status status="PASS" starttime="20221003 18:47:56.081" endtime="20221003 18:47:56.083"/>
</iter>
<iter>
<var name="${fruta}">Manga</var>
<kw name="Log To Console" library="BuiltIn">
<arg>${fruta}</arg>
<doc>Logs the given message to the console.</doc>
<status status="PASS" starttime="20221003 18:47:56.083" endtime="20221003 18:47:56.085"/>
</kw>
<status status="PASS" starttime="20221003 18:47:56.083" endtime="20221003 18:47:56.085"/>
</iter>
<iter>
<var name="${fruta}">Morango</var>
<kw name="Log To Console" library="BuiltIn">
<arg>${fruta}</arg>
<doc>Logs the given message to the console.</doc>
<status status="PASS" starttime="20221003 18:47:56.086" endtime="20221003 18:47:56.087"/>
</kw>
<status status="PASS" starttime="20221003 18:47:56.086" endtime="20221003 18:47:56.087"/>
</iter>
<iter>
<var name="${fruta}">Abacaxi</var>
<kw name="Log To Console" library="BuiltIn">
<arg>${fruta}</arg>
<doc>Logs the given message to the console.</doc>
<status status="PASS" starttime="20221003 18:47:56.088" endtime="20221003 18:47:56.089"/>
</kw>
<status status="PASS" starttime="20221003 18:47:56.088" endtime="20221003 18:47:56.089"/>
</iter>
<status status="PASS" starttime="20221003 18:47:56.074" endtime="20221003 18:47:56.090"/>
</for>
<status status="PASS" starttime="20221003 18:47:56.069" endtime="20221003 18:47:56.090"/>
</kw>
<tag>FRUTAS</tag>
<status status="PASS" starttime="20221003 18:47:56.065" endtime="20221003 18:47:56.091"/>
</test>
<doc>Aqui estarão presentes todos os exercícios da aula de automação.
</doc>
<status status="PASS" starttime="20221003 18:47:55.979" endtime="20221003 18:47:56.101"/>
</suite>
<statistics>
<total>
<stat pass="1" fail="0" skip="0">All Tests</stat>
</total>
<tag>
<stat pass="1" fail="0" skip="0">FRUTAS</stat>
</tag>
<suite>
<stat pass="1" fail="0" skip="0" id="s1" name="Exercicios">Exercicios</stat>
</suite>
</statistics>
<errors>
</errors>
</robot>
