<?xml version="1.0" encoding="UTF-8"?>
<robot generator="Robot 4.1 (Python 3.10.2 on win32)" generated="20220317 22:27:03.731" rpa="false" schemaversion="2">
<suite id="s1" name="Pesquisa" source="C:\Users\User\Desktop\Curso Robot - PHA\tests\features\pesquisa.robot">
<test id="s1-t1" name="Caso de Teste 01: Pesquisar produto existente">
<kw name="Abrir navegador" library="hooks" type="SETUP">
<kw name="Open Browser" library="SeleniumLibrary">
<arg>about:blank</arg>
<arg>chrome</arg>
<doc>Opens a new browser instance to the optional ``url``.</doc>
<msg timestamp="20220317 22:27:04.000" level="INFO">Opening browser 'chrome' to base url 'about:blank'.</msg>
<status status="PASS" starttime="20220317 22:27:03.999" endtime="20220317 22:27:05.651"/>
</kw>
<kw name="Go To" library="SeleniumLibrary">
<arg>http://automationpractice.com/index.php</arg>
<doc>Navigates the current browser window to the provided ``url``.</doc>
<msg timestamp="20220317 22:27:05.653" level="INFO">Opening url 'http://automationpractice.com/index.php'</msg>
<status status="PASS" starttime="20220317 22:27:05.652" endtime="20220317 22:27:09.446"/>
</kw>
<kw name="Maximize Browser Window" library="SeleniumLibrary">
<doc>Maximizes current browser window.</doc>
<status status="PASS" starttime="20220317 22:27:09.447" endtime="20220317 22:27:09.588"/>
</kw>
<status status="PASS" starttime="20220317 22:27:03.999" endtime="20220317 22:27:09.588"/>
</kw>
<kw name="Acessar a página home do site Automation Practice" library="kws_pesquisa">
<kw name="Title Should Be" library="SeleniumLibrary">
<arg>${HOME_PAGE.title}</arg>
<doc>Verifies that the current page title equals ``title``.</doc>
<msg timestamp="20220317 22:27:09.603" level="INFO">Page title is 'My Store'.</msg>
<status status="PASS" starttime="20220317 22:27:09.590" endtime="20220317 22:27:09.603"/>
</kw>
<kw name="Wait Until Element Is Visible" library="SeleniumLibrary">
<arg>${HOME_PAGE.input_busca}</arg>
<arg>10</arg>
<doc>Waits until the element ``locator`` is visible.</doc>
<status status="PASS" starttime="20220317 22:27:09.604" endtime="20220317 22:27:09.857"/>
</kw>
<status status="PASS" starttime="20220317 22:27:09.589" endtime="20220317 22:27:09.857"/>
</kw>
<kw name="Digitar o nome do produto &quot;Blouse&quot; no campo de pesquisa" library="kws_pesquisa" sourcename="Digitar o nome do produto &quot;${PRODUTO}&quot; no campo de pesquisa">
<kw name="Input Text" library="SeleniumLibrary">
<arg>${HOME_PAGE.input_busca}</arg>
<arg>${PRODUTO}</arg>
<doc>Types the given ``text`` into the text field identified by ``locator``.</doc>
<msg timestamp="20220317 22:27:09.864" level="INFO">Typing text 'Blouse' into text field 'search_query_top'.</msg>
<status status="PASS" starttime="20220317 22:27:09.861" endtime="20220317 22:27:10.053"/>
</kw>
<status status="PASS" starttime="20220317 22:27:09.859" endtime="20220317 22:27:10.053"/>
</kw>
<kw name="Clicar no botão pesquisar" library="kws_pesquisa">
<kw name="Wait Until Element Is Visible" library="SeleniumLibrary">
<arg>${HOME_PAGE.btn_buscar}</arg>
<doc>Waits until the element ``locator`` is visible.</doc>
<status status="PASS" starttime="20220317 22:27:10.055" endtime="20220317 22:27:10.110"/>
</kw>
<kw name="Click Element" library="SeleniumLibrary">
<arg>${HOME_PAGE.btn_buscar}</arg>
<doc>Click the element identified by ``locator``.</doc>
<msg timestamp="20220317 22:27:10.112" level="INFO">Clicking element '//*[@class="btn btn-default button-search"]'.</msg>
<status status="PASS" starttime="20220317 22:27:10.110" endtime="20220317 22:27:11.880"/>
</kw>
<status status="PASS" starttime="20220317 22:27:10.054" endtime="20220317 22:27:11.880"/>
</kw>
<kw name="Conferir se o produto Blouse foi listado no site" library="kws_pesquisa">
<kw name="Wait Until Element Is Visible" library="SeleniumLibrary">
<arg>${PRODUTO_PAGE.img_blouse}</arg>
<doc>Waits until the element ``locator`` is visible.</doc>
<status status="PASS" starttime="20220317 22:27:11.881" endtime="20220317 22:27:11.925"/>
</kw>
<kw name="Page Should Contain Image" library="SeleniumLibrary">
<arg>${PRODUTO_PAGE.img_blouse}</arg>
<doc>Verifies image identified by ``locator`` is found from current page.</doc>
<msg timestamp="20220317 22:27:11.946" level="INFO">Current page contains image '//*[@src='http://automationpractice.com/img/p/7/7-home_default.jpg']'.</msg>
<status status="PASS" starttime="20220317 22:27:11.926" endtime="20220317 22:27:11.946"/>
</kw>
<status status="PASS" starttime="20220317 22:27:11.880" endtime="20220317 22:27:11.946"/>
</kw>
<kw name="Fechar navegador" library="hooks" type="TEARDOWN">
<kw name="Capture Page Screenshot" library="SeleniumLibrary">
<doc>Takes a screenshot of the current page and embeds it into a log file.</doc>
<msg timestamp="20220317 22:27:12.207" level="INFO" html="true">&lt;/td&gt;&lt;/tr&gt;&lt;tr&gt;&lt;td colspan="3"&gt;&lt;a href="selenium-screenshot-1.png"&gt;&lt;img src="selenium-screenshot-1.png" width="800px"&gt;&lt;/a&gt;</msg>
<status status="PASS" starttime="20220317 22:27:11.948" endtime="20220317 22:27:12.208"/>
</kw>
<kw name="Close Browser" library="SeleniumLibrary">
<doc>Closes the current browser.</doc>
<status status="PASS" starttime="20220317 22:27:12.208" endtime="20220317 22:27:14.579"/>
</kw>
<status status="PASS" starttime="20220317 22:27:11.947" endtime="20220317 22:27:14.579"/>
</kw>
<tag>PESQUISA</tag>
<status status="PASS" starttime="20220317 22:27:03.998" endtime="20220317 22:27:14.579"/>
</test>
<doc>Aqui neste arquivo estarão presentes todos os testes
Web automatizados com suas Keywords.</doc>
<status status="PASS" starttime="20220317 22:27:03.733" endtime="20220317 22:27:14.582"/>
</suite>
<statistics>
<total>
<stat pass="1" fail="0" skip="0">All Tests</stat>
</total>
<tag>
<stat pass="1" fail="0" skip="0">PESQUISA</stat>
</tag>
<suite>
<stat pass="1" fail="0" skip="0" id="s1" name="Pesquisa">Pesquisa</stat>
</suite>
</statistics>
<errors>
</errors>
</robot>
